<?xml version='1.0' encoding='UTF-8'?>
<testsuite hostname="codespaces-6f4ab4" name="dinocpu.SingleCycleITypeTesterLab2" tests="25" errors="0" failures="0" skipped="0" time="13.973" timestamp="2024-05-10T20:55:20">
                     <properties>
      <property name="awt.toolkit" value="sun.awt.X11.XToolkit"/><property name="java.specification.version" value="11"/><property name="sun.cpu.isalist" value=""/><property name="sun.jnu.encoding" value="ANSI_X3.4-1968"/><property name="sun.arch.data.model" value="64"/><property name="java.vendor.url" value="https://ubuntu.com/"/><property name="sun.boot.library.path" value="/usr/lib/jvm/java-11-openjdk-amd64/lib"/><property name="sun.java.command" value="/root/.cache/sbt/boot/sbt-launch/1.8.0/sbt-launch-1.8.0.jar"/><property name="jdk.debug" value="release"/><property name="java.specification.vendor" value="Oracle Corporation"/><property name="java.version.date" value="2022-10-18"/><property name="java.home" value="/usr/lib/jvm/java-11-openjdk-amd64"/><property name="file.separator" value="/"/><property name="java.vm.compressedOopsMode" value="Zero based"/><property name="line.separator" value="
"/><property name="java.specification.name" value="Java Platform API Specification"/><property name="java.vm.specification.vendor" value="Oracle Corporation"/><property name="sun.management.compiler" value="HotSpot 64-Bit Tiered Compilers"/><property name="java.runtime.version" value="11.0.17+8-post-Ubuntu-1ubuntu222.04"/><property name="user.name" value="root"/><property name="file.encoding" value="UTF-8"/><property name="jnidispatch.path" value="/tmp/jna-3506402/jna3732920476987313902.tmp"/><property name="jna.loaded" value="true"/><property name="java.io.tmpdir" value="/tmp"/><property name="java.version" value="11.0.17"/><property name="java.vm.specification.name" value="Java Virtual Machine Specification"/><property name="java.awt.printerjob" value="sun.print.PSPrinterJob"/><property name="sun.os.patch.level" value="unknown"/><property name="java.library.path" value="/usr/java/packages/lib:/usr/lib/x86_64-linux-gnu/jni:/lib/x86_64-linux-gnu:/usr/lib/x86_64-linux-gnu:/usr/lib/jni:/lib:/usr/lib"/><property name="java.vendor" value="Ubuntu"/><property name="scala.ext.dirs" value="/root/.sbt/1.0/java9-rt-ext-ubuntu_11_0_17"/><property name="sun.io.unicode.encoding" value="UnicodeLittle"/><property name="java.class.path" value="/root/.cache/sbt/boot/sbt-launch/1.8.0/sbt-launch-1.8.0.jar"/><property name="java.vm.vendor" value="Ubuntu"/><property name="jline.shutdownhook" value="false"/><property name="user.timezone" value="GMT"/><property name="os.name" value="Linux"/><property name="java.vm.specification.version" value="11"/><property name="sun.java.launcher" value="SUN_STANDARD"/><property name="user.country" value="US"/><property name="sun.cpu.endian" value="little"/><property name="user.home" value="/root"/><property name="user.language" value="en"/><property name="sbt.script" value="/usr/bin/sbt"/><property name="java.awt.graphicsenv" value="sun.awt.X11GraphicsEnvironment"/><property name="jline.esc.timeout" value="0"/><property name="path.separator" value=":"/><property name="os.version" value="6.5.0-1018-azure"/><property name="jna.nosys" value="true"/><property name="java.runtime.name" value="OpenJDK Runtime Environment"/><property name="java.vm.name" value="OpenJDK 64-Bit Server VM"/><property name="jna.platform.library.path" value="/usr/lib/x86_64-linux-gnu:/lib/x86_64-linux-gnu:/usr/lib64:/lib64:/usr/lib:/lib"/><property name="java.vendor.url.bug" value="https://bugs.launchpad.net/ubuntu/+source/openjdk-lts"/><property name="user.dir" value="/workspaces/154B-again"/><property name="os.arch" value="amd64"/><property name="java.vm.info" value="mixed mode, sharing"/><property name="java.vm.version" value="11.0.17+8-post-Ubuntu-1ubuntu222.04"/><property name="java.class.version" value="55.0"/>
    </properties>
                     <testcase classname="dinocpu.SingleCycleITypeTesterLab2" name="Single Cycle CPU should run I-Type instruction addi1" time="1.93">
                                                 
                                               </testcase><testcase classname="dinocpu.SingleCycleITypeTesterLab2" name="Single Cycle CPU should run I-Type instruction addiw1" time="0.965">
                                                 
                                               </testcase><testcase classname="dinocpu.SingleCycleITypeTesterLab2" name="Single Cycle CPU should run I-Type instruction addiw2" time="0.578">
                                                 
                                               </testcase><testcase classname="dinocpu.SingleCycleITypeTesterLab2" name="Single Cycle CPU should run I-Type instruction addiw3" time="0.727">
                                                 
                                               </testcase><testcase classname="dinocpu.SingleCycleITypeTesterLab2" name="Single Cycle CPU should run I-Type instruction slli" time="0.693">
                                                 
                                               </testcase><testcase classname="dinocpu.SingleCycleITypeTesterLab2" name="Single Cycle CPU should run I-Type instruction slli2" time="0.505">
                                                 
                                               </testcase><testcase classname="dinocpu.SingleCycleITypeTesterLab2" name="Single Cycle CPU should run I-Type instruction slliw1" time="0.497">
                                                 
                                               </testcase><testcase classname="dinocpu.SingleCycleITypeTesterLab2" name="Single Cycle CPU should run I-Type instruction slliw2" time="0.593">
                                                 
                                               </testcase><testcase classname="dinocpu.SingleCycleITypeTesterLab2" name="Single Cycle CPU should run I-Type instruction slliw3" time="0.531">
                                                 
                                               </testcase><testcase classname="dinocpu.SingleCycleITypeTesterLab2" name="Single Cycle CPU should run I-Type instruction srai" time="0.45">
                                                 
                                               </testcase><testcase classname="dinocpu.SingleCycleITypeTesterLab2" name="Single Cycle CPU should run I-Type instruction srai-negative" time="0.485">
                                                 
                                               </testcase><testcase classname="dinocpu.SingleCycleITypeTesterLab2" name="Single Cycle CPU should run I-Type instruction sraiw1" time="0.463">
                                                 
                                               </testcase><testcase classname="dinocpu.SingleCycleITypeTesterLab2" name="Single Cycle CPU should run I-Type instruction sraiw2" time="0.442">
                                                 
                                               </testcase><testcase classname="dinocpu.SingleCycleITypeTesterLab2" name="Single Cycle CPU should run I-Type instruction srli" time="0.456">
                                                 
                                               </testcase><testcase classname="dinocpu.SingleCycleITypeTesterLab2" name="Single Cycle CPU should run I-Type instruction srli2" time="0.493">
                                                 
                                               </testcase><testcase classname="dinocpu.SingleCycleITypeTesterLab2" name="Single Cycle CPU should run I-Type instruction srliw1" time="0.452">
                                                 
                                               </testcase><testcase classname="dinocpu.SingleCycleITypeTesterLab2" name="Single Cycle CPU should run I-Type instruction srliw2" time="0.411">
                                                 
                                               </testcase><testcase classname="dinocpu.SingleCycleITypeTesterLab2" name="Single Cycle CPU should run I-Type instruction srliw3" time="0.394">
                                                 
                                               </testcase><testcase classname="dinocpu.SingleCycleITypeTesterLab2" name="Single Cycle CPU should run I-Type instruction andi" time="0.412">
                                                 
                                               </testcase><testcase classname="dinocpu.SingleCycleITypeTesterLab2" name="Single Cycle CPU should run I-Type instruction ori" time="0.427">
                                                 
                                               </testcase><testcase classname="dinocpu.SingleCycleITypeTesterLab2" name="Single Cycle CPU should run I-Type instruction xori" time="0.397">
                                                 
                                               </testcase><testcase classname="dinocpu.SingleCycleITypeTesterLab2" name="Single Cycle CPU should run I-Type instruction slti" time="0.428">
                                                 
                                               </testcase><testcase classname="dinocpu.SingleCycleITypeTesterLab2" name="Single Cycle CPU should run I-Type instruction sltiu" time="0.409">
                                                 
                                               </testcase><testcase classname="dinocpu.SingleCycleITypeTesterLab2" name="Single Cycle CPU should run I-Type instruction addi-funct7" time="0.427">
                                                 
                                               </testcase><testcase classname="dinocpu.SingleCycleITypeTesterLab2" name="Single Cycle CPU should run I-Type instruction addi2" time="0.408">
                                                 
                                               </testcase>
                     <system-out><![CDATA[]]></system-out>
                     <system-err><![CDATA[]]></system-err>
                   </testsuite>