<?xml version='1.0' encoding='UTF-8'?>
<testsuite hostname="COE-CS-pc13.OU.AD3.UCDAVIS.EDU" name="dinocpu.SingleCycleBranchTesterLab2" tests="20" errors="0" failures="0" skipped="0" time="13.197" timestamp="2024-05-01T16:41:36">
                     <properties>
      <property name="awt.toolkit" value="sun.awt.X11.XToolkit"/><property name="java.specification.version" value="11"/><property name="sun.cpu.isalist" value=""/><property name="sun.jnu.encoding" value="ANSI_X3.4-1968"/><property name="sun.arch.data.model" value="64"/><property name="java.vendor.url" value="https://ubuntu.com/"/><property name="sun.boot.library.path" value="/usr/lib/jvm/java-11-openjdk-amd64/lib"/><property name="sun.java.command" value="/home/sbt-user/.cache/sbt/boot/sbt-launch/1.8.0/sbt-launch-1.8.0.jar"/><property name="jdk.debug" value="release"/><property name="java.specification.vendor" value="Oracle Corporation"/><property name="java.version.date" value="2022-10-18"/><property name="java.home" value="/usr/lib/jvm/java-11-openjdk-amd64"/><property name="file.separator" value="/"/><property name="java.vm.compressedOopsMode" value="Zero based"/><property name="line.separator" value="
"/><property name="java.specification.name" value="Java Platform API Specification"/><property name="java.vm.specification.vendor" value="Oracle Corporation"/><property name="sun.management.compiler" value="HotSpot 64-Bit Tiered Compilers"/><property name="java.runtime.version" value="11.0.17+8-post-Ubuntu-1ubuntu222.04"/><property name="user.name" value="sipilla"/><property name="file.encoding" value="UTF-8"/><property name="jnidispatch.path" value="/tmp/jna-2096438706/jna13802755181208646276.tmp"/><property name="jna.loaded" value="true"/><property name="java.io.tmpdir" value="/tmp"/><property name="java.version" value="11.0.17"/><property name="java.vm.specification.name" value="Java Virtual Machine Specification"/><property name="java.awt.printerjob" value="sun.print.PSPrinterJob"/><property name="sun.os.patch.level" value="unknown"/><property name="java.library.path" value="/.singularity.d/libs:/usr/java/packages/lib:/usr/lib/x86_64-linux-gnu/jni:/lib/x86_64-linux-gnu:/usr/lib/x86_64-linux-gnu:/usr/lib/jni:/lib:/usr/lib"/><property name="java.vendor" value="Ubuntu"/><property name="scala.ext.dirs" value="/home/sipilla/.sbt/1.0/java9-rt-ext-ubuntu_11_0_17"/><property name="sun.io.unicode.encoding" value="UnicodeLittle"/><property name="java.class.path" value="/home/sbt-user/.cache/sbt/boot/sbt-launch/1.8.0/sbt-launch-1.8.0.jar"/><property name="java.vm.vendor" value="Ubuntu"/><property name="jline.shutdownhook" value="false"/><property name="user.timezone" value="GMT"/><property name="os.name" value="Linux"/><property name="java.vm.specification.version" value="11"/><property name="sun.java.launcher" value="SUN_STANDARD"/><property name="user.country" value="US"/><property name="sun.cpu.endian" value="little"/><property name="user.home" value="/home/sipilla"/><property name="user.language" value="en"/><property name="sbt.script" value="/usr/bin/sbt"/><property name="java.awt.graphicsenv" value="sun.awt.X11GraphicsEnvironment"/><property name="jline.esc.timeout" value="0"/><property name="path.separator" value=":"/><property name="os.version" value="5.15.0-105-generic"/><property name="jna.nosys" value="true"/><property name="java.runtime.name" value="OpenJDK Runtime Environment"/><property name="java.vm.name" value="OpenJDK 64-Bit Server VM"/><property name="jna.platform.library.path" value="/usr/lib/x86_64-linux-gnu:/lib/x86_64-linux-gnu:/usr/lib64:/lib64:/usr/lib:/lib"/><property name="java.vendor.url.bug" value="https://bugs.launchpad.net/ubuntu/+source/openjdk-lts"/><property name="user.dir" value="/home/sipilla/Assignment2"/><property name="os.arch" value="amd64"/><property name="java.vm.info" value="mixed mode, sharing"/><property name="java.vm.version" value="11.0.17+8-post-Ubuntu-1ubuntu222.04"/><property name="java.class.version" value="55.0"/>
    </properties>
                     <testcase classname="dinocpu.SingleCycleBranchTesterLab2" name="Single Cycle CPU should run branch instruction test beq-False" time="2.404">
                                                 
                                               </testcase><testcase classname="dinocpu.SingleCycleBranchTesterLab2" name="Single Cycle CPU should run branch instruction test beq-True" time="0.769">
                                                 
                                               </testcase><testcase classname="dinocpu.SingleCycleBranchTesterLab2" name="Single Cycle CPU should run branch instruction test bne-False" time="0.765">
                                                 
                                               </testcase><testcase classname="dinocpu.SingleCycleBranchTesterLab2" name="Single Cycle CPU should run branch instruction test bne-True" time="0.632">
                                                 
                                               </testcase><testcase classname="dinocpu.SingleCycleBranchTesterLab2" name="Single Cycle CPU should run branch instruction test blt-False" time="0.679">
                                                 
                                               </testcase><testcase classname="dinocpu.SingleCycleBranchTesterLab2" name="Single Cycle CPU should run branch instruction test blt-False-equal" time="0.851">
                                                 
                                               </testcase><testcase classname="dinocpu.SingleCycleBranchTesterLab2" name="Single Cycle CPU should run branch instruction test blt-True" time="0.646">
                                                 
                                               </testcase><testcase classname="dinocpu.SingleCycleBranchTesterLab2" name="Single Cycle CPU should run branch instruction test blt-False-signed" time="0.597">
                                                 
                                               </testcase><testcase classname="dinocpu.SingleCycleBranchTesterLab2" name="Single Cycle CPU should run branch instruction test blt-True-signed" time="0.58">
                                                 
                                               </testcase><testcase classname="dinocpu.SingleCycleBranchTesterLab2" name="Single Cycle CPU should run branch instruction test bge-False" time="0.526">
                                                 
                                               </testcase><testcase classname="dinocpu.SingleCycleBranchTesterLab2" name="Single Cycle CPU should run branch instruction test bge-True" time="0.503">
                                                 
                                               </testcase><testcase classname="dinocpu.SingleCycleBranchTesterLab2" name="Single Cycle CPU should run branch instruction test bge-False-signed" time="0.495">
                                                 
                                               </testcase><testcase classname="dinocpu.SingleCycleBranchTesterLab2" name="Single Cycle CPU should run branch instruction test bge-True-signed" time="0.482">
                                                 
                                               </testcase><testcase classname="dinocpu.SingleCycleBranchTesterLab2" name="Single Cycle CPU should run branch instruction test bge-True-equal" time="0.507">
                                                 
                                               </testcase><testcase classname="dinocpu.SingleCycleBranchTesterLab2" name="Single Cycle CPU should run branch instruction test bltu-False" time="0.447">
                                                 
                                               </testcase><testcase classname="dinocpu.SingleCycleBranchTesterLab2" name="Single Cycle CPU should run branch instruction test bltu-True" time="0.485">
                                                 
                                               </testcase><testcase classname="dinocpu.SingleCycleBranchTesterLab2" name="Single Cycle CPU should run branch instruction test bgeu-False" time="0.465">
                                                 
                                               </testcase><testcase classname="dinocpu.SingleCycleBranchTesterLab2" name="Single Cycle CPU should run branch instruction test bgeu-True" time="0.442">
                                                 
                                               </testcase><testcase classname="dinocpu.SingleCycleBranchTesterLab2" name="Single Cycle CPU should run branch instruction test beqfwd1" time="0.467">
                                                 
                                               </testcase><testcase classname="dinocpu.SingleCycleBranchTesterLab2" name="Single Cycle CPU should run branch instruction test beqfwd2" time="0.455">
                                                 
                                               </testcase>
                     <system-out><![CDATA[]]></system-out>
                     <system-err><![CDATA[]]></system-err>
                   </testsuite>