<?xml version='1.0' encoding='UTF-8'?>
<testsuite hostname="COE-CS-pc13.OU.AD3.UCDAVIS.EDU" name="dinocpu.SingleCycleRTypeTesterLab2" tests="42" errors="0" failures="0" skipped="0" time="21.233" timestamp="2024-05-01T16:41:38">
                     <properties>
      <property name="awt.toolkit" value="sun.awt.X11.XToolkit"/><property name="java.specification.version" value="11"/><property name="sun.cpu.isalist" value=""/><property name="sun.jnu.encoding" value="ANSI_X3.4-1968"/><property name="sun.arch.data.model" value="64"/><property name="java.vendor.url" value="https://ubuntu.com/"/><property name="sun.boot.library.path" value="/usr/lib/jvm/java-11-openjdk-amd64/lib"/><property name="sun.java.command" value="/home/sbt-user/.cache/sbt/boot/sbt-launch/1.8.0/sbt-launch-1.8.0.jar"/><property name="jdk.debug" value="release"/><property name="java.specification.vendor" value="Oracle Corporation"/><property name="java.version.date" value="2022-10-18"/><property name="java.home" value="/usr/lib/jvm/java-11-openjdk-amd64"/><property name="file.separator" value="/"/><property name="java.vm.compressedOopsMode" value="Zero based"/><property name="line.separator" value="
"/><property name="java.specification.name" value="Java Platform API Specification"/><property name="java.vm.specification.vendor" value="Oracle Corporation"/><property name="sun.management.compiler" value="HotSpot 64-Bit Tiered Compilers"/><property name="java.runtime.version" value="11.0.17+8-post-Ubuntu-1ubuntu222.04"/><property name="user.name" value="sipilla"/><property name="file.encoding" value="UTF-8"/><property name="jnidispatch.path" value="/tmp/jna-2096438706/jna13802755181208646276.tmp"/><property name="jna.loaded" value="true"/><property name="java.io.tmpdir" value="/tmp"/><property name="java.version" value="11.0.17"/><property name="java.vm.specification.name" value="Java Virtual Machine Specification"/><property name="java.awt.printerjob" value="sun.print.PSPrinterJob"/><property name="sun.os.patch.level" value="unknown"/><property name="java.library.path" value="/.singularity.d/libs:/usr/java/packages/lib:/usr/lib/x86_64-linux-gnu/jni:/lib/x86_64-linux-gnu:/usr/lib/x86_64-linux-gnu:/usr/lib/jni:/lib:/usr/lib"/><property name="java.vendor" value="Ubuntu"/><property name="scala.ext.dirs" value="/home/sipilla/.sbt/1.0/java9-rt-ext-ubuntu_11_0_17"/><property name="sun.io.unicode.encoding" value="UnicodeLittle"/><property name="java.class.path" value="/home/sbt-user/.cache/sbt/boot/sbt-launch/1.8.0/sbt-launch-1.8.0.jar"/><property name="java.vm.vendor" value="Ubuntu"/><property name="jline.shutdownhook" value="false"/><property name="user.timezone" value="GMT"/><property name="os.name" value="Linux"/><property name="java.vm.specification.version" value="11"/><property name="sun.java.launcher" value="SUN_STANDARD"/><property name="user.country" value="US"/><property name="sun.cpu.endian" value="little"/><property name="user.home" value="/home/sipilla"/><property name="user.language" value="en"/><property name="sbt.script" value="/usr/bin/sbt"/><property name="java.awt.graphicsenv" value="sun.awt.X11GraphicsEnvironment"/><property name="jline.esc.timeout" value="0"/><property name="path.separator" value=":"/><property name="os.version" value="5.15.0-105-generic"/><property name="jna.nosys" value="true"/><property name="java.runtime.name" value="OpenJDK Runtime Environment"/><property name="java.vm.name" value="OpenJDK 64-Bit Server VM"/><property name="jna.platform.library.path" value="/usr/lib/x86_64-linux-gnu:/lib/x86_64-linux-gnu:/usr/lib64:/lib64:/usr/lib:/lib"/><property name="java.vendor.url.bug" value="https://bugs.launchpad.net/ubuntu/+source/openjdk-lts"/><property name="user.dir" value="/home/sipilla/Assignment2"/><property name="os.arch" value="amd64"/><property name="java.vm.info" value="mixed mode, sharing"/><property name="java.vm.version" value="11.0.17+8-post-Ubuntu-1ubuntu222.04"/><property name="java.class.version" value="55.0"/>
    </properties>
                     <testcase classname="dinocpu.SingleCycleRTypeTesterLab2" name="Single Cycle CPU should run R-type instruction add1" time="0.987">
                                                 
                                               </testcase><testcase classname="dinocpu.SingleCycleRTypeTesterLab2" name="Single Cycle CPU should run R-type instruction add2" time="1.062">
                                                 
                                               </testcase><testcase classname="dinocpu.SingleCycleRTypeTesterLab2" name="Single Cycle CPU should run R-type instruction add0" time="0.813">
                                                 
                                               </testcase><testcase classname="dinocpu.SingleCycleRTypeTesterLab2" name="Single Cycle CPU should run R-type instruction addw1" time="0.761">
                                                 
                                               </testcase><testcase classname="dinocpu.SingleCycleRTypeTesterLab2" name="Single Cycle CPU should run R-type instruction addw2" time="0.585">
                                                 
                                               </testcase><testcase classname="dinocpu.SingleCycleRTypeTesterLab2" name="Single Cycle CPU should run R-type instruction addw3" time="0.777">
                                                 
                                               </testcase><testcase classname="dinocpu.SingleCycleRTypeTesterLab2" name="Single Cycle CPU should run R-type instruction or" time="0.536">
                                                 
                                               </testcase><testcase classname="dinocpu.SingleCycleRTypeTesterLab2" name="Single Cycle CPU should run R-type instruction sub" time="0.665">
                                                 
                                               </testcase><testcase classname="dinocpu.SingleCycleRTypeTesterLab2" name="Single Cycle CPU should run R-type instruction subw1" time="0.562">
                                                 
                                               </testcase><testcase classname="dinocpu.SingleCycleRTypeTesterLab2" name="Single Cycle CPU should run R-type instruction subw2" time="0.555">
                                                 
                                               </testcase><testcase classname="dinocpu.SingleCycleRTypeTesterLab2" name="Single Cycle CPU should run R-type instruction subw3" time="0.523">
                                                 
                                               </testcase><testcase classname="dinocpu.SingleCycleRTypeTesterLab2" name="Single Cycle CPU should run R-type instruction and" time="0.492">
                                                 
                                               </testcase><testcase classname="dinocpu.SingleCycleRTypeTesterLab2" name="Single Cycle CPU should run R-type instruction xor" time="0.488">
                                                 
                                               </testcase><testcase classname="dinocpu.SingleCycleRTypeTesterLab2" name="Single Cycle CPU should run R-type instruction slt" time="0.467">
                                                 
                                               </testcase><testcase classname="dinocpu.SingleCycleRTypeTesterLab2" name="Single Cycle CPU should run R-type instruction slt1" time="0.494">
                                                 
                                               </testcase><testcase classname="dinocpu.SingleCycleRTypeTesterLab2" name="Single Cycle CPU should run R-type instruction sltu" time="0.473">
                                                 
                                               </testcase><testcase classname="dinocpu.SingleCycleRTypeTesterLab2" name="Single Cycle CPU should run R-type instruction sltu1" time="0.46">
                                                 
                                               </testcase><testcase classname="dinocpu.SingleCycleRTypeTesterLab2" name="Single Cycle CPU should run R-type instruction sll" time="0.457">
                                                 
                                               </testcase><testcase classname="dinocpu.SingleCycleRTypeTesterLab2" name="Single Cycle CPU should run R-type instruction sll2" time="0.459">
                                                 
                                               </testcase><testcase classname="dinocpu.SingleCycleRTypeTesterLab2" name="Single Cycle CPU should run R-type instruction sllw1" time="0.422">
                                                 
                                               </testcase><testcase classname="dinocpu.SingleCycleRTypeTesterLab2" name="Single Cycle CPU should run R-type instruction sllw2" time="0.419">
                                                 
                                               </testcase><testcase classname="dinocpu.SingleCycleRTypeTesterLab2" name="Single Cycle CPU should run R-type instruction sllw3" time="0.445">
                                                 
                                               </testcase><testcase classname="dinocpu.SingleCycleRTypeTesterLab2" name="Single Cycle CPU should run R-type instruction sllw4" time="0.437">
                                                 
                                               </testcase><testcase classname="dinocpu.SingleCycleRTypeTesterLab2" name="Single Cycle CPU should run R-type instruction srl" time="0.412">
                                                 
                                               </testcase><testcase classname="dinocpu.SingleCycleRTypeTesterLab2" name="Single Cycle CPU should run R-type instruction srl2" time="0.417">
                                                 
                                               </testcase><testcase classname="dinocpu.SingleCycleRTypeTesterLab2" name="Single Cycle CPU should run R-type instruction srlw1" time="0.413">
                                                 
                                               </testcase><testcase classname="dinocpu.SingleCycleRTypeTesterLab2" name="Single Cycle CPU should run R-type instruction srlw2" time="0.418">
                                                 
                                               </testcase><testcase classname="dinocpu.SingleCycleRTypeTesterLab2" name="Single Cycle CPU should run R-type instruction srlw3" time="0.397">
                                                 
                                               </testcase><testcase classname="dinocpu.SingleCycleRTypeTesterLab2" name="Single Cycle CPU should run R-type instruction srlw4" time="0.462">
                                                 
                                               </testcase><testcase classname="dinocpu.SingleCycleRTypeTesterLab2" name="Single Cycle CPU should run R-type instruction sra" time="0.413">
                                                 
                                               </testcase><testcase classname="dinocpu.SingleCycleRTypeTesterLab2" name="Single Cycle CPU should run R-type instruction sra2" time="0.448">
                                                 
                                               </testcase><testcase classname="dinocpu.SingleCycleRTypeTesterLab2" name="Single Cycle CPU should run R-type instruction sraw1" time="0.39">
                                                 
                                               </testcase><testcase classname="dinocpu.SingleCycleRTypeTesterLab2" name="Single Cycle CPU should run R-type instruction sraw2" time="0.384">
                                                 
                                               </testcase><testcase classname="dinocpu.SingleCycleRTypeTesterLab2" name="Single Cycle CPU should run R-type instruction sraw3" time="0.428">
                                                 
                                               </testcase><testcase classname="dinocpu.SingleCycleRTypeTesterLab2" name="Single Cycle CPU should run R-type instruction addfwd" time="0.457">
                                                 
                                               </testcase><testcase classname="dinocpu.SingleCycleRTypeTesterLab2" name="Single Cycle CPU should run R-type instruction swapxor" time="0.433">
                                                 
                                               </testcase><testcase classname="dinocpu.SingleCycleRTypeTesterLab2" name="Single Cycle CPU should run R-type instruction power2-512" time="0.4">
                                                 
                                               </testcase><testcase classname="dinocpu.SingleCycleRTypeTesterLab2" name="Single Cycle CPU should run R-type instruction power2-1234" time="0.418">
                                                 
                                               </testcase><testcase classname="dinocpu.SingleCycleRTypeTesterLab2" name="Single Cycle CPU should run R-type instruction power2--65536" time="0.375">
                                                 
                                               </testcase><testcase classname="dinocpu.SingleCycleRTypeTesterLab2" name="Single Cycle CPU should run R-type instruction oppsign-true" time="0.388">
                                                 
                                               </testcase><testcase classname="dinocpu.SingleCycleRTypeTesterLab2" name="Single Cycle CPU should run R-type instruction oppsign-false" time="0.426">
                                                 
                                               </testcase><testcase classname="dinocpu.SingleCycleRTypeTesterLab2" name="Single Cycle CPU should run R-type instruction rotR" time="0.415">
                                                 
                                               </testcase>
                     <system-out><![CDATA[]]></system-out>
                     <system-err><![CDATA[]]></system-err>
                   </testsuite>